{"name": "test_4[test.email@-test.email@mail.com]", "status": "failed", "statusDetails": {"message": "AssertionError: test failed\nassert 'test.email@' == 'test.email@mail.com'\n  - test.email@mail.com\n  + test.email@", "trace": "self = <tests.test_negative.TestNegative object at 0x000001EF0786AF10>, email_input = 'test.email@', email_output = 'test.email@mail.com'\n\n    @pytest.mark.parametrize(\"email_input, email_output\", [(\"35\", \"test.email@mail.com\"), (\" \", \"test.email@mail.com\"),\n                                                           (\"test.email_mail.com\", \"test.email@mail.com\"),\n                                                           (\"test.email@\", \"test.email@mail.com\")])\n    def test_4(self, email_input, email_output):\n        driver = self.driver\n        contact = ContactUs(driver)\n        contact.input_email(email_input)\n>       assert email_input == email_output, \"test failed\"\nE       AssertionError: test failed\nE       assert 'test.email@' == 'test.email@mail.com'\nE         - test.email@mail.com\nE         + test.email@\n\ntests\\test_negative.py:34: AssertionError"}, "parameters": [{"name": "email_input", "value": "'test.email@'"}, {"name": "email_output", "value": "'test.email@mail.com'"}], "start": 1634717829308, "stop": 1634717829425, "uuid": "7b6899cb-b982-40cf-80b1-f93653ef8aa7", "historyId": "9cceefd87c0d6a5c31095b517ee3bb88", "testCaseId": "aa2b087f31254c304061bd1a0e37df53", "fullName": "tests.test_negative.TestNegative#test_4", "labels": [{"name": "tag", "value": "@pytest.mark.usefixtures('set_up')"}, {"name": "parentSuite", "value": "tests"}, {"name": "suite", "value": "test_negative"}, {"name": "subSuite", "value": "TestNegative"}, {"name": "host", "value": "SIS2W066"}, {"name": "thread", "value": "6828-MainThread"}, {"name": "framework", "value": "pytest"}, {"name": "language", "value": "cpython3"}, {"name": "package", "value": "tests.test_negative"}]}