{"name": "test_3[35-John Smith]", "status": "failed", "statusDetails": {"message": "AssertionError: test failed\nassert '35' == 'John Smith'\n  - John Smith\n  + 35", "trace": "self = <tests.test_negative.TestNegative object at 0x000001EF0775D580>, name_input = '35', name_output = 'John Smith'\n\n    @pytest.mark.parametrize(\"name_input, name_output\",\n                             [(\"35\", \"John Smith\"), (\" \", \"John Smith\"), (\")*&*^&\", \"John Smith\")])\n    def test_3(self, name_input, name_output):\n        driver = self.driver\n        contact = ContactUs(driver)\n        contact.input_name(name_input)\n>       assert name_input == name_output, \"test failed\"\nE       AssertionError: test failed\nE       assert '35' == 'John Smith'\nE         - John Smith\nE         + 35\n\ntests\\test_negative.py:24: AssertionError"}, "parameters": [{"name": "name_input", "value": "'35'"}, {"name": "name_output", "value": "'John Smith'"}], "start": 1634717779045, "stop": 1634717779126, "uuid": "761ae1d0-830b-4428-92a0-78e4d44809a1", "historyId": "85b53bebd7b89c774c045344f95f46f2", "testCaseId": "63c74dfd2c3e54f58c7bb9d16372bdf3", "fullName": "tests.test_negative.TestNegative#test_3", "labels": [{"name": "tag", "value": "@pytest.mark.usefixtures('set_up')"}, {"name": "parentSuite", "value": "tests"}, {"name": "suite", "value": "test_negative"}, {"name": "subSuite", "value": "TestNegative"}, {"name": "host", "value": "SIS2W066"}, {"name": "thread", "value": "6828-MainThread"}, {"name": "framework", "value": "pytest"}, {"name": "language", "value": "cpython3"}, {"name": "package", "value": "tests.test_negative"}]}