{"name": "test_7[ -A while back I needed to count the amount]", "status": "failed", "statusDetails": {"message": "AssertionError: test failed\nassert (' ' == 'A while back...nt the amount'\n  Strings contain only whitespace, escaping them using repr()\n  - 'A while back I needed to count the amount'\n  + ' ' or 1 >= 20)", "trace": "self = <tests.test_negative.TestNegative object at 0x000001EF07873880>, company_input = ' ', company_output = 'A while back I needed to count the amount'\n\n    @pytest.mark.parametrize(\"company_input, company_output\", [(\" \", \"A while back I needed to count the amount\"),\n                                                               (\"test\", \"A while back I needed to count the amount\")])\n    def test_7(self, company_input, company_output):\n        driver = self.driver\n        contact = ContactUs(driver)\n        contact.input_country(company_input)\n        count = len(company_input)\n>       assert company_input == company_output or count >= 20, \"test failed\"\nE       AssertionError: test failed\nE       assert (' ' == 'A while back...nt the amount'\nE         Strings contain only whitespace, escaping them using repr()\nE         - 'A while back I needed to count the amount'\nE         + ' ' or 1 >= 20)\n\ntests\\test_negative.py:62: AssertionError"}, "parameters": [{"name": "company_input", "value": "' '"}, {"name": "company_output", "value": "'A while back I needed to count the amount'"}], "start": 1634717893894, "stop": 1634717893996, "uuid": "155f6342-d0a3-41c9-bedf-7f14a1e89e64", "historyId": "a7fef4cc3633ebab714f9e19f6a067e2", "testCaseId": "9e3c223828ff9f7ac56e0b738cfb08d3", "fullName": "tests.test_negative.TestNegative#test_7", "labels": [{"name": "tag", "value": "@pytest.mark.usefixtures('set_up')"}, {"name": "parentSuite", "value": "tests"}, {"name": "suite", "value": "test_negative"}, {"name": "subSuite", "value": "TestNegative"}, {"name": "host", "value": "SIS2W066"}, {"name": "thread", "value": "6828-MainThread"}, {"name": "framework", "value": "pytest"}, {"name": "language", "value": "cpython3"}, {"name": "package", "value": "tests.test_negative"}]}