{"name": "test_4[ -test.email@mail.com]", "status": "failed", "statusDetails": {"message": "AssertionError: test failed\nassert ' ' == 'test.email@mail.com'\n  Strings contain only whitespace, escaping them using repr()\n  - 'test.email@mail.com'\n  + ' '", "trace": "self = <tests.test_negative.TestNegative object at 0x000001EF07865BE0>, email_input = ' ', email_output = 'test.email@mail.com'\n\n    @pytest.mark.parametrize(\"email_input, email_output\", [(\"35\", \"test.email@mail.com\"), (\" \", \"test.email@mail.com\"),\n                                                           (\"test.email_mail.com\", \"test.email@mail.com\"),\n                                                           (\"test.email@\", \"test.email@mail.com\")])\n    def test_4(self, email_input, email_output):\n        driver = self.driver\n        contact = ContactUs(driver)\n        contact.input_email(email_input)\n>       assert email_input == email_output, \"test failed\"\nE       AssertionError: test failed\nE       assert ' ' == 'test.email@mail.com'\nE         Strings contain only whitespace, escaping them using repr()\nE         - 'test.email@mail.com'\nE         + ' '\n\ntests\\test_negative.py:34: AssertionError"}, "parameters": [{"name": "email_input", "value": "' '"}, {"name": "email_output", "value": "'test.email@mail.com'"}], "start": 1634717813140, "stop": 1634717813238, "uuid": "e4e23062-53b1-4d7d-9ab0-00fd5003c276", "historyId": "ea43f2e82874f1a547c48cafb1c6675b", "testCaseId": "aa2b087f31254c304061bd1a0e37df53", "fullName": "tests.test_negative.TestNegative#test_4", "labels": [{"name": "tag", "value": "@pytest.mark.usefixtures('set_up')"}, {"name": "parentSuite", "value": "tests"}, {"name": "suite", "value": "test_negative"}, {"name": "subSuite", "value": "TestNegative"}, {"name": "host", "value": "SIS2W066"}, {"name": "thread", "value": "6828-MainThread"}, {"name": "framework", "value": "pytest"}, {"name": "language", "value": "cpython3"}, {"name": "package", "value": "tests.test_negative"}]}