{"name": "test_6[ -+37490233223]", "status": "failed", "statusDetails": {"message": "AssertionError: test failed\nassert ' ' == '+37490233223'\n  Strings contain only whitespace, escaping them using repr()\n  - '+37490233223'\n  + ' '", "trace": "self = <tests.test_negative.TestNegative object at 0x000001EF07881F40>, country_input = ' ', country_output = '+37490233223'\n\n    @pytest.mark.parametrize(\"country_input, country_output\", [(\"456789\", \"Portugal\"), (\"$*(%&$*\", \"+37490233223\"),\n                                                               (\" \", \"+37490233223\")])\n    def test_6(self, country_input, country_output):\n        driver = self.driver\n        contact = ContactUs(driver)\n        contact.input_country(country_input)\n>       assert country_input == country_output, \"test failed\"\nE       AssertionError: test failed\nE       assert ' ' == '+37490233223'\nE         Strings contain only whitespace, escaping them using repr()\nE         - '+37490233223'\nE         + ' '\n\ntests\\test_negative.py:52: AssertionError"}, "parameters": [{"name": "country_input", "value": "' '"}, {"name": "country_output", "value": "'+37490233223'"}], "start": 1634717885286, "stop": 1634717885376, "uuid": "14647db0-8b35-4715-ac79-f6cac90f8d69", "historyId": "5ae9e030a46b408b78f114e3b1f08e8a", "testCaseId": "48ad2bc31a825db3231bb98c0c1186cc", "fullName": "tests.test_negative.TestNegative#test_6", "labels": [{"name": "tag", "value": "@pytest.mark.usefixtures('set_up')"}, {"name": "parentSuite", "value": "tests"}, {"name": "suite", "value": "test_negative"}, {"name": "subSuite", "value": "TestNegative"}, {"name": "host", "value": "SIS2W066"}, {"name": "thread", "value": "6828-MainThread"}, {"name": "framework", "value": "pytest"}, {"name": "language", "value": "cpython3"}, {"name": "package", "value": "tests.test_negative"}]}