{"name": "test_3[ -John Smith]", "status": "failed", "statusDetails": {"message": "AssertionError: test failed\nassert ' ' == 'John Smith'\n  Strings contain only whitespace, escaping them using repr()\n  - 'John Smith'\n  + ' '", "trace": "self = <tests.test_negative.TestNegative object at 0x000001EF0741D0A0>, name_input = ' ', name_output = 'John Smith'\n\n    @pytest.mark.parametrize(\"name_input, name_output\",\n                             [(\"35\", \"John Smith\"), (\" \", \"John Smith\"), (\")*&*^&\", \"John Smith\")])\n    def test_3(self, name_input, name_output):\n        driver = self.driver\n        contact = ContactUs(driver)\n        contact.input_name(name_input)\n>       assert name_input == name_output, \"test failed\"\nE       AssertionError: test failed\nE       assert ' ' == 'John Smith'\nE         Strings contain only whitespace, escaping them using repr()\nE         - 'John Smith'\nE         + ' '\n\ntests\\test_negative.py:24: AssertionError"}, "parameters": [{"name": "name_input", "value": "' '"}, {"name": "name_output", "value": "'John Smith'"}], "start": 1634717788277, "stop": 1634717788369, "uuid": "1bc976f3-192e-407c-b213-638186500773", "historyId": "60a16334f46ed950a381e95005c21f78", "testCaseId": "63c74dfd2c3e54f58c7bb9d16372bdf3", "fullName": "tests.test_negative.TestNegative#test_3", "labels": [{"name": "tag", "value": "@pytest.mark.usefixtures('set_up')"}, {"name": "parentSuite", "value": "tests"}, {"name": "suite", "value": "test_negative"}, {"name": "subSuite", "value": "TestNegative"}, {"name": "host", "value": "SIS2W066"}, {"name": "thread", "value": "6828-MainThread"}, {"name": "framework", "value": "pytest"}, {"name": "language", "value": "cpython3"}, {"name": "package", "value": "tests.test_negative"}]}